# JRE version: OpenJDK Runtime Environment (8.0_152-b06) (build 1.8.0_152-release-1136-b06)
# Java VM: OpenJDK 64-Bit Server VM (25.152-b06 mixed mode windows-amd64 compressed oops)
Heap:
 PSYoungGen      total 146944K, used 90595K [0x00000000e0000000, 0x00000000ec880000, 0x0000000100000000)
  eden space 126976K, 71% used [0x00000000e0000000,0x00000000e5878d20,0x00000000e7c00000)
  from space 19968K, 0% used [0x00000000e7c00000,0x00000000e7c00000,0x00000000e8f80000)
  to   space 19456K, 0% used [0x00000000eb580000,0x00000000eb580000,0x00000000ec880000)
 ParOldGen       total 97280K, used 40690K [0x00000000a0000000, 0x00000000a5f00000, 0x00000000e0000000)
  object space 97280K, 41% used [0x00000000a0000000,0x00000000a27bc8d8,0x00000000a5f00000)
 Metaspace       used 59485K, capacity 61810K, committed 61912K, reserved 1101824K
  class space    used 8208K, capacity 8830K, committed 8920K, reserved 1048576K
GC Heap History (10 events):
Event: 6.601 GC heap before
{Heap before GC invocations=12 (full 2):
 PSYoungGen      total 95232K, used 83968K [0x00000000e0000000, 0x00000000e8600000, 0x0000000100000000)
  eden space 83968K, 100% used [0x00000000e0000000,0x00000000e5200000,0x00000000e5200000)
  from space 11264K, 0% used [0x00000000e5200000,0x00000000e5200000,0x00000000e5d00000)
  to   space 12288K, 0% used [0x00000000e7a00000,0x00000000e7a00000,0x00000000e8600000)
 ParOldGen       total 97280K, used 17512K [0x00000000a0000000, 0x00000000a5f00000, 0x00000000e0000000)
  object space 97280K, 18% used [0x00000000a0000000,0x00000000a111a330,0x00000000a5f00000)
 Metaspace       used 39953K, capacity 40902K, committed 41176K, reserved 1085440K
  class space    used 5476K, capacity 5772K, committed 5848K, reserved 1048576K
Event: 6.608 GC heap after
Heap after GC invocations=12 (full 2):
 PSYoungGen      total 113664K, used 8610K [0x00000000e0000000, 0x00000000e8280000, 0x0000000100000000)
  eden space 104960K, 0% used [0x00000000e0000000,0x00000000e0000000,0x00000000e6680000)
  from space 8704K, 98% used [0x00000000e7a00000,0x00000000e82689f8,0x00000000e8280000)
  to   space 12288K, 0% used [0x00000000e6a80000,0x00000000e6a80000,0x00000000e7680000)
 ParOldGen       total 97280K, used 17520K [0x00000000a0000000, 0x00000000a5f00000, 0x00000000e0000000)
  object space 97280K, 18% used [0x00000000a0000000,0x00000000a111c330,0x00000000a5f00000)
 Metaspace       used 39953K, capacity 40902K, committed 41176K, reserved 1085440K
  class space    used 5476K, capacity 5772K, committed 5848K, reserved 1048576K
}
Event: 8.016 GC heap before
{Heap before GC invocations=13 (full 2):
 PSYoungGen      total 113664K, used 113570K [0x00000000e0000000, 0x00000000e8280000, 0x0000000100000000)
  eden space 104960K, 100% used [0x00000000e0000000,0x00000000e6680000,0x00000000e6680000)
  from space 8704K, 98% used [0x00000000e7a00000,0x00000000e82689f8,0x00000000e8280000)
  to   space 12288K, 0% used [0x00000000e6a80000,0x00000000e6a80000,0x00000000e7680000)
 ParOldGen       total 97280K, used 17520K [0x00000000a0000000, 0x00000000a5f00000, 0x00000000e0000000)
  object space 97280K, 18% used [0x00000000a0000000,0x00000000a111c330,0x00000000a5f00000)
 Metaspace       used 48810K, capacity 50018K, committed 50392K, reserved 1093632K
  class space    used 6625K, capacity 7007K, committed 7128K, reserved 1048576K
Event: 8.033 GC heap after
Heap after GC invocations=13 (full 2):
 PSYoungGen      total 121344K, used 12267K [0x00000000e0000000, 0x00000000e9f00000, 0x0000000100000000)
  eden space 109056K, 0% used [0x00000000e0000000,0x00000000e0000000,0x00000000e6a80000)
  from space 12288K, 99% used [0x00000000e6a80000,0x00000000e767ac20,0x00000000e7680000)
  to   space 15872K, 0% used [0x00000000e8f80000,0x00000000e8f80000,0x00000000e9f00000)
 ParOldGen       total 97280K, used 23264K [0x00000000a0000000, 0x00000000a5f00000, 0x00000000e0000000)
  object space 97280K, 23% used [0x00000000a0000000,0x00000000a16b8218,0x00000000a5f00000)
 Metaspace       used 48810K, capacity 50018K, committed 50392K, reserved 1093632K
  class space    used 6625K, capacity 7007K, committed 7128K, reserved 1048576K
}
Event: 9.102 GC heap before
{Heap before GC invocations=14 (full 2):
 PSYoungGen      total 121344K, used 121323K [0x00000000e0000000, 0x00000000e9f00000, 0x0000000100000000)
  eden space 109056K, 100% used [0x00000000e0000000,0x00000000e6a80000,0x00000000e6a80000)
  from space 12288K, 99% used [0x00000000e6a80000,0x00000000e767ac20,0x00000000e7680000)
  to   space 15872K, 0% used [0x00000000e8f80000,0x00000000e8f80000,0x00000000e9f00000)
 ParOldGen       total 97280K, used 23264K [0x00000000a0000000, 0x00000000a5f00000, 0x00000000e0000000)
  object space 97280K, 23% used [0x00000000a0000000,0x00000000a16b8218,0x00000000a5f00000)
 Metaspace       used 54983K, capacity 56918K, committed 56920K, reserved 1097728K
  class space    used 7553K, capacity 8024K, committed 8024K, reserved 1048576K
Event: 9.124 GC heap after
Heap after GC invocations=14 (full 2):
 PSYoungGen      total 142848K, used 15840K [0x00000000e0000000, 0x00000000eae00000, 0x0000000100000000)
  eden space 126976K, 0% used [0x00000000e0000000,0x00000000e0000000,0x00000000e7c00000)
  from space 15872K, 99% used [0x00000000e8f80000,0x00000000e9ef83d0,0x00000000e9f00000)
  to   space 19968K, 0% used [0x00000000e7c00000,0x00000000e7c00000,0x00000000e8f80000)
 ParOldGen       total 97280K, used 30005K [0x00000000a0000000, 0x00000000a5f00000, 0x00000000e0000000)
  object space 97280K, 30% used [0x00000000a0000000,0x00000000a1d4d6a8,0x00000000a5f00000)
 Metaspace       used 54983K, capacity 56918K, committed 56920K, reserved 1097728K
  class space    used 7553K, capacity 8024K, committed 8024K, reserved 1048576K
}
Event: 9.746 GC heap before
{Heap before GC invocations=15 (full 2):
 PSYoungGen      total 142848K, used 58289K [0x00000000e0000000, 0x00000000eae00000, 0x0000000100000000)
  eden space 126976K, 33% used [0x00000000e0000000,0x00000000e29740a0,0x00000000e7c00000)
  from space 15872K, 99% used [0x00000000e8f80000,0x00000000e9ef83d0,0x00000000e9f00000)
  to   space 19968K, 0% used [0x00000000e7c00000,0x00000000e7c00000,0x00000000e8f80000)
 ParOldGen       total 97280K, used 30005K [0x00000000a0000000, 0x00000000a5f00000, 0x00000000e0000000)
  object space 97280K, 30% used [0x00000000a0000000,0x00000000a1d4d6a8,0x00000000a5f00000)
 Metaspace       used 56781K, capacity 58958K, committed 59028K, reserved 1099776K
  class space    used 7789K, capacity 8360K, committed 8408K, reserved 1048576K
Event: 9.767 GC heap after
Heap after GC invocations=15 (full 2):
 PSYoungGen      total 146944K, used 7201K [0x00000000e0000000, 0x00000000ec880000, 0x0000000100000000)
  eden space 126976K, 0% used [0x00000000e0000000,0x00000000e0000000,0x00000000e7c00000)
  from space 19968K, 36% used [0x00000000e7c00000,0x00000000e83085d8,0x00000000e8f80000)
  to   space 19456K, 0% used [0x00000000eb580000,0x00000000eb580000,0x00000000ec880000)
 ParOldGen       total 97280K, used 43251K [0x00000000a0000000, 0x00000000a5f00000, 0x00000000e0000000)
  object space 97280K, 44% used [0x00000000a0000000,0x00000000a2a3cde8,0x00000000a5f00000)
 Metaspace       used 56781K, capacity 58958K, committed 59028K, reserved 1099776K
  class space    used 7789K, capacity 8360K, committed 8408K, reserved 1048576K
}
Event: 9.767 GC heap before
{Heap before GC invocations=16 (full 3):
 PSYoungGen      total 146944K, used 7201K [0x00000000e0000000, 0x00000000ec880000, 0x0000000100000000)
  eden space 126976K, 0% used [0x00000000e0000000,0x00000000e0000000,0x00000000e7c00000)
  from space 19968K, 36% used [0x00000000e7c00000,0x00000000e83085d8,0x00000000e8f80000)
  to   space 19456K, 0% used [0x00000000eb580000,0x00000000eb580000,0x00000000ec880000)
 ParOldGen       total 97280K, used 43251K [0x00000000a0000000, 0x00000000a5f00000, 0x00000000e0000000)
  object space 97280K, 44% used [0x00000000a0000000,0x00000000a2a3cde8,0x00000000a5f00000)
 Metaspace       used 56781K, capacity 58958K, committed 59028K, reserved 1099776K
  class space    used 7789K, capacity 8360K, committed 8408K, reserved 1048576K
Event: 10.031 GC heap after
Heap after GC invocations=16 (full 3):
 PSYoungGen      total 146944K, used 0K [0x00000000e0000000, 0x00000000ec880000, 0x0000000100000000)
  eden space 126976K, 0% used [0x00000000e0000000,0x00000000e0000000,0x00000000e7c00000)
  from space 19968K, 0% used [0x00000000e7c00000,0x00000000e7c00000,0x00000000e8f80000)
  to   space 19456K, 0% used [0x00000000eb580000,0x00000000eb580000,0x00000000ec880000)
 ParOldGen       total 97280K, used 40690K [0x00000000a0000000, 0x00000000a5f00000, 0x00000000e0000000)
  object space 97280K, 41% used [0x00000000a0000000,0x00000000a27bc8d8,0x00000000a5f00000)
 Metaspace       used 56781K, capacity 58958K, committed 59028K, reserved 1099776K
  class space    used 7789K, capacity 8360K, committed 8408K, reserved 1048576K
}

