# JRE version: OpenJDK Runtime Environment (8.0_152-b06) (build 1.8.0_152-release-1136-b06)
# Java VM: OpenJDK 64-Bit Server VM (25.152-b06 mixed mode windows-amd64 compressed oops)
Heap:
 PSYoungGen      total 137728K, used 74089K [0x00000000e0000000, 0x00000000ea780000, 0x0000000100000000)
  eden space 122368K, 50% used [0x00000000e0000000,0x00000000e3c692e0,0x00000000e7780000)
  from space 15360K, 79% used [0x00000000e8a80000,0x00000000e9671220,0x00000000e9980000)
  to   space 19456K, 0% used [0x00000000e7780000,0x00000000e7780000,0x00000000e8a80000)
 ParOldGen       total 97280K, used 41520K [0x00000000a0000000, 0x00000000a5f00000, 0x00000000e0000000)
  object space 97280K, 42% used [0x00000000a0000000,0x00000000a288c308,0x00000000a5f00000)
 Metaspace       used 59654K, capacity 62136K, committed 62424K, reserved 1103872K
  class space    used 8231K, capacity 8860K, committed 8920K, reserved 1048576K
GC Heap History (10 events):
Event: 6.100 GC heap before
{Heap before GC invocations=13 (full 2):
 PSYoungGen      total 109056K, used 108969K [0x00000000e0000000, 0x00000000e7e80000, 0x0000000100000000)
  eden space 100352K, 100% used [0x00000000e0000000,0x00000000e6200000,0x00000000e6200000)
  from space 8704K, 99% used [0x00000000e7600000,0x00000000e7e6a778,0x00000000e7e80000)
  to   space 12288K, 0% used [0x00000000e6680000,0x00000000e6680000,0x00000000e7280000)
 ParOldGen       total 97280K, used 17544K [0x00000000a0000000, 0x00000000a5f00000, 0x00000000e0000000)
  object space 97280K, 18% used [0x00000000a0000000,0x00000000a11223d0,0x00000000a5f00000)
 Metaspace       used 45747K, capacity 46958K, committed 47192K, reserved 1089536K
  class space    used 6287K, capacity 6671K, committed 6744K, reserved 1048576K
Event: 6.117 GC heap after
Heap after GC invocations=13 (full 2):
 PSYoungGen      total 117248K, used 12284K [0x00000000e0000000, 0x00000000e9980000, 0x0000000100000000)
  eden space 104960K, 0% used [0x00000000e0000000,0x00000000e0000000,0x00000000e6680000)
  from space 12288K, 99% used [0x00000000e6680000,0x00000000e727f300,0x00000000e7280000)
  to   space 15360K, 0% used [0x00000000e8a80000,0x00000000e8a80000,0x00000000e9980000)
 ParOldGen       total 97280K, used 22193K [0x00000000a0000000, 0x00000000a5f00000, 0x00000000e0000000)
  object space 97280K, 22% used [0x00000000a0000000,0x00000000a15ac4c0,0x00000000a5f00000)
 Metaspace       used 45747K, capacity 46958K, committed 47192K, reserved 1089536K
  class space    used 6287K, capacity 6671K, committed 6744K, reserved 1048576K
}
Event: 7.079 GC heap before
{Heap before GC invocations=14 (full 2):
 PSYoungGen      total 117248K, used 117244K [0x00000000e0000000, 0x00000000e9980000, 0x0000000100000000)
  eden space 104960K, 100% used [0x00000000e0000000,0x00000000e6680000,0x00000000e6680000)
  from space 12288K, 99% used [0x00000000e6680000,0x00000000e727f300,0x00000000e7280000)
  to   space 15360K, 0% used [0x00000000e8a80000,0x00000000e8a80000,0x00000000e9980000)
 ParOldGen       total 97280K, used 22193K [0x00000000a0000000, 0x00000000a5f00000, 0x00000000e0000000)
  object space 97280K, 22% used [0x00000000a0000000,0x00000000a15ac4c0,0x00000000a5f00000)
 Metaspace       used 54479K, capacity 56390K, committed 56664K, reserved 1097728K
  class space    used 7457K, capacity 7949K, committed 8024K, reserved 1048576K
Event: 7.095 GC heap after
Heap after GC invocations=14 (full 2):
 PSYoungGen      total 137728K, used 15343K [0x00000000e0000000, 0x00000000ea780000, 0x0000000100000000)
  eden space 122368K, 0% used [0x00000000e0000000,0x00000000e0000000,0x00000000e7780000)
  from space 15360K, 99% used [0x00000000e8a80000,0x00000000e997be18,0x00000000e9980000)
  to   space 19456K, 0% used [0x00000000e7780000,0x00000000e7780000,0x00000000e8a80000)
 ParOldGen       total 97280K, used 28728K [0x00000000a0000000, 0x00000000a5f00000, 0x00000000e0000000)
  object space 97280K, 29% used [0x00000000a0000000,0x00000000a1c0e078,0x00000000a5f00000)
 Metaspace       used 54479K, capacity 56390K, committed 56664K, reserved 1097728K
  class space    used 7457K, capacity 7949K, committed 8024K, reserved 1048576K
}
Event: 7.581 GC heap before
{Heap before GC invocations=15 (full 2):
 PSYoungGen      total 137728K, used 78035K [0x00000000e0000000, 0x00000000ea780000, 0x0000000100000000)
  eden space 122368K, 51% used [0x00000000e0000000,0x00000000e3d38e90,0x00000000e7780000)
  from space 15360K, 99% used [0x00000000e8a80000,0x00000000e997be18,0x00000000e9980000)
  to   space 19456K, 0% used [0x00000000e7780000,0x00000000e7780000,0x00000000e8a80000)
 ParOldGen       total 97280K, used 28728K [0x00000000a0000000, 0x00000000a5f00000, 0x00000000e0000000)
  object space 97280K, 29% used [0x00000000a0000000,0x00000000a1c0e078,0x00000000a5f00000)
 Metaspace       used 56745K, capacity 58958K, committed 59028K, reserved 1099776K
  class space    used 7780K, capacity 8381K, committed 8408K, reserved 1048576K
Event: 7.596 GC heap after
Heap after GC invocations=15 (full 2):
 PSYoungGen      total 141824K, used 9833K [0x00000000e0000000, 0x00000000ea780000, 0x0000000100000000)
  eden space 122368K, 0% used [0x00000000e0000000,0x00000000e0000000,0x00000000e7780000)
  from space 19456K, 50% used [0x00000000e7780000,0x00000000e811a450,0x00000000e8a80000)
  to   space 15360K, 0% used [0x00000000e8a80000,0x00000000e8a80000,0x00000000e9980000)
 ParOldGen       total 97280K, used 40603K [0x00000000a0000000, 0x00000000a5f00000, 0x00000000e0000000)
  object space 97280K, 41% used [0x00000000a0000000,0x00000000a27a6d30,0x00000000a5f00000)
 Metaspace       used 56745K, capacity 58958K, committed 59028K, reserved 1099776K
  class space    used 7780K, capacity 8381K, committed 8408K, reserved 1048576K
}
Event: 7.597 GC heap before
{Heap before GC invocations=16 (full 3):
 PSYoungGen      total 141824K, used 9833K [0x00000000e0000000, 0x00000000ea780000, 0x0000000100000000)
  eden space 122368K, 0% used [0x00000000e0000000,0x00000000e0000000,0x00000000e7780000)
  from space 19456K, 50% used [0x00000000e7780000,0x00000000e811a450,0x00000000e8a80000)
  to   space 15360K, 0% used [0x00000000e8a80000,0x00000000e8a80000,0x00000000e9980000)
 ParOldGen       total 97280K, used 40603K [0x00000000a0000000, 0x00000000a5f00000, 0x00000000e0000000)
  object space 97280K, 41% used [0x00000000a0000000,0x00000000a27a6d30,0x00000000a5f00000)
 Metaspace       used 56745K, capacity 58958K, committed 59028K, reserved 1099776K
  class space    used 7780K, capacity 8381K, committed 8408K, reserved 1048576K
Event: 7.824 GC heap after
Heap after GC invocations=16 (full 3):
 PSYoungGen      total 141824K, used 0K [0x00000000e0000000, 0x00000000ea780000, 0x0000000100000000)
  eden space 122368K, 0% used [0x00000000e0000000,0x00000000e0000000,0x00000000e7780000)
  from space 19456K, 0% used [0x00000000e7780000,0x00000000e7780000,0x00000000e8a80000)
  to   space 15360K, 0% used [0x00000000e8a80000,0x00000000e8a80000,0x00000000e9980000)
 ParOldGen       total 97280K, used 41512K [0x00000000a0000000, 0x00000000a5f00000, 0x00000000e0000000)
  object space 97280K, 42% used [0x00000000a0000000,0x00000000a288a308,0x00000000a5f00000)
 Metaspace       used 56745K, capacity 58958K, committed 59028K, reserved 1099776K
  class space    used 7780K, capacity 8381K, committed 8408K, reserved 1048576K
}
Event: 8.529 GC heap before
{Heap before GC invocations=17 (full 3):
 PSYoungGen      total 141824K, used 122368K [0x00000000e0000000, 0x00000000ea780000, 0x0000000100000000)
  eden space 122368K, 100% used [0x00000000e0000000,0x00000000e7780000,0x00000000e7780000)
  from space 19456K, 0% used [0x00000000e7780000,0x00000000e7780000,0x00000000e8a80000)
  to   space 15360K, 0% used [0x00000000e8a80000,0x00000000e8a80000,0x00000000e9980000)
 ParOldGen       total 97280K, used 41512K [0x00000000a0000000, 0x00000000a5f00000, 0x00000000e0000000)
  object space 97280K, 42% used [0x00000000a0000000,0x00000000a288a308,0x00000000a5f00000)
 Metaspace       used 59539K, capacity 61810K, committed 61912K, reserved 1101824K
  class space    used 8220K, capacity 8859K, committed 8920K, reserved 1048576K
Event: 8.538 GC heap after
Heap after GC invocations=17 (full 3):
 PSYoungGen      total 137728K, used 12228K [0x00000000e0000000, 0x00000000ea780000, 0x0000000100000000)
  eden space 122368K, 0% used [0x00000000e0000000,0x00000000e0000000,0x00000000e7780000)
  from space 15360K, 79% used [0x00000000e8a80000,0x00000000e9671220,0x00000000e9980000)
  to   space 19456K, 0% used [0x00000000e7780000,0x00000000e7780000,0x00000000e8a80000)
 ParOldGen       total 97280K, used 41520K [0x00000000a0000000, 0x00000000a5f00000, 0x00000000e0000000)
  object space 97280K, 42% used [0x00000000a0000000,0x00000000a288c308,0x00000000a5f00000)
 Metaspace       used 59539K, capacity 61810K, committed 61912K, reserved 1101824K
  class space    used 8220K, capacity 8859K, committed 8920K, reserved 1048576K
}

