# JRE version: OpenJDK Runtime Environment (8.0_152-b06) (build 1.8.0_152-release-1136-b06)
# Java VM: OpenJDK 64-Bit Server VM (25.152-b06 mixed mode windows-amd64 compressed oops)
Heap:
 PSYoungGen      total 424960K, used 226351K [0x00000000e0000000, 0x0000000100000000, 0x0000000100000000)
  eden space 352256K, 43% used [0x00000000e0000000,0x00000000e961cf20,0x00000000f5800000)
  from space 72704K, 99% used [0x00000000f5800000,0x00000000f9eeeef8,0x00000000f9f00000)
  to   space 94720K, 0% used [0x00000000fa380000,0x00000000fa380000,0x0000000100000000)
 ParOldGen       total 457216K, used 309606K [0x00000000a0000000, 0x00000000bbe80000, 0x00000000e0000000)
  object space 457216K, 67% used [0x00000000a0000000,0x00000000b2e599e0,0x00000000bbe80000)
 Metaspace       used 134156K, capacity 140122K, committed 155520K, reserved 1185792K
  class space    used 15970K, capacity 17108K, committed 18816K, reserved 1048576K
GC Heap History (10 events):
Event: 10315.776 GC heap before
{Heap before GC invocations=149 (full 14):
 PSYoungGen      total 425984K, used 387262K [0x00000000e0000000, 0x00000000ff280000, 0x0000000100000000)
  eden space 353792K, 100% used [0x00000000e0000000,0x00000000f5980000,0x00000000f5980000)
  from space 72192K, 46% used [0x00000000fac00000,0x00000000fccafae0,0x00000000ff280000)
  to   space 78336K, 0% used [0x00000000f5980000,0x00000000f5980000,0x00000000fa600000)
 ParOldGen       total 457216K, used 200371K [0x00000000a0000000, 0x00000000bbe80000, 0x00000000e0000000)
  object space 457216K, 43% used [0x00000000a0000000,0x00000000ac3acf60,0x00000000bbe80000)
 Metaspace       used 132734K, capacity 138618K, committed 155520K, reserved 1185792K
  class space    used 15804K, capacity 16920K, committed 18816K, reserved 1048576K
Event: 10315.811 GC heap after
Heap after GC invocations=149 (full 14):
 PSYoungGen      total 432128K, used 47408K [0x00000000e0000000, 0x0000000100000000, 0x0000000100000000)
  eden space 353792K, 0% used [0x00000000e0000000,0x00000000e0000000,0x00000000f5980000)
  from space 78336K, 60% used [0x00000000f5980000,0x00000000f87cc020,0x00000000fa600000)
  to   space 79360K, 0% used [0x00000000fb280000,0x00000000fb280000,0x0000000100000000)
 ParOldGen       total 457216K, used 230643K [0x00000000a0000000, 0x00000000bbe80000, 0x00000000e0000000)
  object space 457216K, 50% used [0x00000000a0000000,0x00000000ae13cc40,0x00000000bbe80000)
 Metaspace       used 132734K, capacity 138618K, committed 155520K, reserved 1185792K
  class space    used 15804K, capacity 16920K, committed 18816K, reserved 1048576K
}
Event: 10316.809 GC heap before
{Heap before GC invocations=150 (full 14):
 PSYoungGen      total 432128K, used 401200K [0x00000000e0000000, 0x0000000100000000, 0x0000000100000000)
  eden space 353792K, 100% used [0x00000000e0000000,0x00000000f5980000,0x00000000f5980000)
  from space 78336K, 60% used [0x00000000f5980000,0x00000000f87cc020,0x00000000fa600000)
  to   space 79360K, 0% used [0x00000000fb280000,0x00000000fb280000,0x0000000100000000)
 ParOldGen       total 457216K, used 230643K [0x00000000a0000000, 0x00000000bbe80000, 0x00000000e0000000)
  object space 457216K, 50% used [0x00000000a0000000,0x00000000ae13cc40,0x00000000bbe80000)
 Metaspace       used 132741K, capacity 138618K, committed 155520K, reserved 1185792K
  class space    used 15804K, capacity 16920K, committed 18816K, reserved 1048576K
Event: 10316.847 GC heap after
Heap after GC invocations=150 (full 14):
 PSYoungGen      total 429568K, used 66369K [0x00000000e0000000, 0x0000000100000000, 0x0000000100000000)
  eden space 350208K, 0% used [0x00000000e0000000,0x00000000e0000000,0x00000000f5600000)
  from space 79360K, 83% used [0x00000000fb280000,0x00000000ff3507e0,0x0000000100000000)
  to   space 87040K, 0% used [0x00000000f5600000,0x00000000f5600000,0x00000000fab00000)
 ParOldGen       total 457216K, used 231415K [0x00000000a0000000, 0x00000000bbe80000, 0x00000000e0000000)
  object space 457216K, 50% used [0x00000000a0000000,0x00000000ae1fdc50,0x00000000bbe80000)
 Metaspace       used 132741K, capacity 138618K, committed 155520K, reserved 1185792K
  class space    used 15804K, capacity 16920K, committed 18816K, reserved 1048576K
}
Event: 10324.270 GC heap before
{Heap before GC invocations=151 (full 14):
 PSYoungGen      total 429568K, used 416577K [0x00000000e0000000, 0x0000000100000000, 0x0000000100000000)
  eden space 350208K, 100% used [0x00000000e0000000,0x00000000f5600000,0x00000000f5600000)
  from space 79360K, 83% used [0x00000000fb280000,0x00000000ff3507e0,0x0000000100000000)
  to   space 87040K, 0% used [0x00000000f5600000,0x00000000f5600000,0x00000000fab00000)
 ParOldGen       total 457216K, used 231415K [0x00000000a0000000, 0x00000000bbe80000, 0x00000000e0000000)
  object space 457216K, 50% used [0x00000000a0000000,0x00000000ae1fdc50,0x00000000bbe80000)
 Metaspace       used 132822K, capacity 138682K, committed 155520K, reserved 1185792K
  class space    used 15812K, capacity 16920K, committed 18816K, reserved 1048576K
Event: 10324.317 GC heap after
Heap after GC invocations=151 (full 14):
 PSYoungGen      total 437248K, used 19817K [0x00000000e0000000, 0x0000000100000000, 0x0000000100000000)
  eden space 350208K, 0% used [0x00000000e0000000,0x00000000e0000000,0x00000000f5600000)
  from space 87040K, 22% used [0x00000000f5600000,0x00000000f695a590,0x00000000fab00000)
  to   space 84992K, 0% used [0x00000000fad00000,0x00000000fad00000,0x0000000100000000)
 ParOldGen       total 457216K, used 289687K [0x00000000a0000000, 0x00000000bbe80000, 0x00000000e0000000)
  object space 457216K, 63% used [0x00000000a0000000,0x00000000b1ae5e80,0x00000000bbe80000)
 Metaspace       used 132822K, capacity 138682K, committed 155520K, reserved 1185792K
  class space    used 15812K, capacity 16920K, committed 18816K, reserved 1048576K
}
Event: 10373.444 GC heap before
{Heap before GC invocations=152 (full 14):
 PSYoungGen      total 437248K, used 370025K [0x00000000e0000000, 0x0000000100000000, 0x0000000100000000)
  eden space 350208K, 100% used [0x00000000e0000000,0x00000000f5600000,0x00000000f5600000)
  from space 87040K, 22% used [0x00000000f5600000,0x00000000f695a590,0x00000000fab00000)
  to   space 84992K, 0% used [0x00000000fad00000,0x00000000fad00000,0x0000000100000000)
 ParOldGen       total 457216K, used 289687K [0x00000000a0000000, 0x00000000bbe80000, 0x00000000e0000000)
  object space 457216K, 63% used [0x00000000a0000000,0x00000000b1ae5e80,0x00000000bbe80000)
 Metaspace       used 132859K, capacity 138688K, committed 155520K, reserved 1185792K
  class space    used 15813K, capacity 16921K, committed 18816K, reserved 1048576K
Event: 10373.461 GC heap after
Heap after GC invocations=152 (full 14):
 PSYoungGen      total 435200K, used 4522K [0x00000000e0000000, 0x00000000ffe00000, 0x0000000100000000)
  eden space 352256K, 0% used [0x00000000e0000000,0x00000000e0000000,0x00000000f5800000)
  from space 82944K, 5% used [0x00000000fad00000,0x00000000fb16abc8,0x00000000ffe00000)
  to   space 84992K, 0% used [0x00000000f5800000,0x00000000f5800000,0x00000000fab00000)
 ParOldGen       total 457216K, used 307471K [0x00000000a0000000, 0x00000000bbe80000, 0x00000000e0000000)
  object space 457216K, 67% used [0x00000000a0000000,0x00000000b2c43c98,0x00000000bbe80000)
 Metaspace       used 132859K, capacity 138688K, committed 155520K, reserved 1185792K
  class space    used 15813K, capacity 16921K, committed 18816K, reserved 1048576K
}
Event: 10380.911 GC heap before
{Heap before GC invocations=153 (full 14):
 PSYoungGen      total 435200K, used 356778K [0x00000000e0000000, 0x00000000ffe00000, 0x0000000100000000)
  eden space 352256K, 100% used [0x00000000e0000000,0x00000000f5800000,0x00000000f5800000)
  from space 82944K, 5% used [0x00000000fad00000,0x00000000fb16abc8,0x00000000ffe00000)
  to   space 84992K, 0% used [0x00000000f5800000,0x00000000f5800000,0x00000000fab00000)
 ParOldGen       total 457216K, used 307471K [0x00000000a0000000, 0x00000000bbe80000, 0x00000000e0000000)
  object space 457216K, 67% used [0x00000000a0000000,0x00000000b2c43c98,0x00000000bbe80000)
 Metaspace       used 134045K, capacity 140026K, committed 155520K, reserved 1185792K
  class space    used 15959K, capacity 17076K, committed 18816K, reserved 1048576K
Event: 10380.959 GC heap after
Heap after GC invocations=153 (full 14):
 PSYoungGen      total 424960K, used 72635K [0x00000000e0000000, 0x0000000100000000, 0x0000000100000000)
  eden space 352256K, 0% used [0x00000000e0000000,0x00000000e0000000,0x00000000f5800000)
  from space 72704K, 99% used [0x00000000f5800000,0x00000000f9eeeef8,0x00000000f9f00000)
  to   space 94720K, 0% used [0x00000000fa380000,0x00000000fa380000,0x0000000100000000)
 ParOldGen       total 457216K, used 309606K [0x00000000a0000000, 0x00000000bbe80000, 0x00000000e0000000)
  object space 457216K, 67% used [0x00000000a0000000,0x00000000b2e599e0,0x00000000bbe80000)
 Metaspace       used 134045K, capacity 140026K, committed 155520K, reserved 1185792K
  class space    used 15959K, capacity 17076K, committed 18816K, reserved 1048576K
}

