# JRE version: OpenJDK Runtime Environment (8.0_152-b06) (build 1.8.0_152-release-1136-b06)
# Java VM: OpenJDK 64-Bit Server VM (25.152-b06 mixed mode windows-amd64 compressed oops)
Heap:
 PSYoungGen      total 143872K, used 46015K [0x00000000e0000000, 0x00000000e9c00000, 0x0000000100000000)
  eden space 131584K, 34% used [0x00000000e0000000,0x00000000e2ceff38,0x00000000e8080000)
  from space 12288K, 0% used [0x00000000e9000000,0x00000000e9000000,0x00000000e9c00000)
  to   space 9728K, 0% used [0x00000000e8080000,0x00000000e8080000,0x00000000e8a00000)
 ParOldGen       total 64512K, used 15085K [0x00000000a0000000, 0x00000000a3f00000, 0x00000000e0000000)
  object space 64512K, 23% used [0x00000000a0000000,0x00000000a0ebb5a0,0x00000000a3f00000)
 Metaspace       used 37140K, capacity 37904K, committed 38144K, reserved 1081344K
  class space    used 5096K, capacity 5348K, committed 5376K, reserved 1048576K
GC Heap History (10 events):
Event: 2.176 GC heap before
{Heap before GC invocations=6 (full 1):
 PSYoungGen      total 71680K, used 5097K [0x00000000e0000000, 0x00000000e9600000, 0x0000000100000000)
  eden space 66560K, 0% used [0x00000000e0000000,0x00000000e0000000,0x00000000e4100000)
  from space 5120K, 99% used [0x00000000e4100000,0x00000000e45fa640,0x00000000e4600000)
  to   space 10240K, 0% used [0x00000000e8c00000,0x00000000e8c00000,0x00000000e9600000)
 ParOldGen       total 87552K, used 9093K [0x00000000a0000000, 0x00000000a5580000, 0x00000000e0000000)
  object space 87552K, 10% used [0x00000000a0000000,0x00000000a08e1468,0x00000000a5580000)
 Metaspace       used 20802K, capacity 21184K, committed 21248K, reserved 1067008K
  class space    used 2924K, capacity 3064K, committed 3072K, reserved 1048576K
Event: 2.227 GC heap after
Heap after GC invocations=6 (full 1):
 PSYoungGen      total 71680K, used 0K [0x00000000e0000000, 0x00000000e9600000, 0x0000000100000000)
  eden space 66560K, 0% used [0x00000000e0000000,0x00000000e0000000,0x00000000e4100000)
  from space 5120K, 0% used [0x00000000e4100000,0x00000000e4100000,0x00000000e4600000)
  to   space 10240K, 0% used [0x00000000e8c00000,0x00000000e8c00000,0x00000000e9600000)
 ParOldGen       total 64512K, used 8415K [0x00000000a0000000, 0x00000000a3f00000, 0x00000000e0000000)
  object space 64512K, 13% used [0x00000000a0000000,0x00000000a0837f48,0x00000000a3f00000)
 Metaspace       used 20802K, capacity 21184K, committed 21248K, reserved 1067008K
  class space    used 2924K, capacity 3064K, committed 3072K, reserved 1048576K
}
Event: 2.817 GC heap before
{Heap before GC invocations=7 (full 1):
 PSYoungGen      total 71680K, used 66560K [0x00000000e0000000, 0x00000000e9600000, 0x0000000100000000)
  eden space 66560K, 100% used [0x00000000e0000000,0x00000000e4100000,0x00000000e4100000)
  from space 5120K, 0% used [0x00000000e4100000,0x00000000e4100000,0x00000000e4600000)
  to   space 10240K, 0% used [0x00000000e8c00000,0x00000000e8c00000,0x00000000e9600000)
 ParOldGen       total 64512K, used 8415K [0x00000000a0000000, 0x00000000a3f00000, 0x00000000e0000000)
  object space 64512K, 13% used [0x00000000a0000000,0x00000000a0837f48,0x00000000a3f00000)
 Metaspace       used 26713K, capacity 27246K, committed 27392K, reserved 1073152K
  class space    used 3658K, capacity 3819K, committed 3840K, reserved 1048576K
Event: 2.823 GC heap after
Heap after GC invocations=7 (full 1):
 PSYoungGen      total 102912K, used 7317K [0x00000000e0000000, 0x00000000e9380000, 0x0000000100000000)
  eden space 95232K, 0% used [0x00000000e0000000,0x00000000e0000000,0x00000000e5d00000)
  from space 7680K, 95% used [0x00000000e8c00000,0x00000000e93256a8,0x00000000e9380000)
  to   space 9728K, 0% used [0x00000000e8080000,0x00000000e8080000,0x00000000e8a00000)
 ParOldGen       total 64512K, used 8423K [0x00000000a0000000, 0x00000000a3f00000, 0x00000000e0000000)
  object space 64512K, 13% used [0x00000000a0000000,0x00000000a0839f48,0x00000000a3f00000)
 Metaspace       used 26713K, capacity 27246K, committed 27392K, reserved 1073152K
  class space    used 3658K, capacity 3819K, committed 3840K, reserved 1048576K
}
Event: 3.701 GC heap before
{Heap before GC invocations=8 (full 1):
 PSYoungGen      total 102912K, used 102549K [0x00000000e0000000, 0x00000000e9380000, 0x0000000100000000)
  eden space 95232K, 100% used [0x00000000e0000000,0x00000000e5d00000,0x00000000e5d00000)
  from space 7680K, 95% used [0x00000000e8c00000,0x00000000e93256a8,0x00000000e9380000)
  to   space 9728K, 0% used [0x00000000e8080000,0x00000000e8080000,0x00000000e8a00000)
 ParOldGen       total 64512K, used 8423K [0x00000000a0000000, 0x00000000a3f00000, 0x00000000e0000000)
  object space 64512K, 13% used [0x00000000a0000000,0x00000000a0839f48,0x00000000a3f00000)
 Metaspace       used 33560K, capacity 34258K, committed 34432K, reserved 1079296K
  class space    used 4692K, capacity 4943K, committed 4992K, reserved 1048576K
Event: 3.714 GC heap after
Heap after GC invocations=8 (full 1):
 PSYoungGen      total 141312K, used 9700K [0x00000000e0000000, 0x00000000e9c00000, 0x0000000100000000)
  eden space 131584K, 0% used [0x00000000e0000000,0x00000000e0000000,0x00000000e8080000)
  from space 9728K, 99% used [0x00000000e8080000,0x00000000e89f9090,0x00000000e8a00000)
  to   space 12288K, 0% used [0x00000000e9000000,0x00000000e9000000,0x00000000e9c00000)
 ParOldGen       total 64512K, used 11116K [0x00000000a0000000, 0x00000000a3f00000, 0x00000000e0000000)
  object space 64512K, 17% used [0x00000000a0000000,0x00000000a0adb2a8,0x00000000a3f00000)
 Metaspace       used 33560K, capacity 34258K, committed 34432K, reserved 1079296K
  class space    used 4692K, capacity 4943K, committed 4992K, reserved 1048576K
}
Event: 3.786 GC heap before
{Heap before GC invocations=9 (full 1):
 PSYoungGen      total 141312K, used 18784K [0x00000000e0000000, 0x00000000e9c00000, 0x0000000100000000)
  eden space 131584K, 6% used [0x00000000e0000000,0x00000000e08df140,0x00000000e8080000)
  from space 9728K, 99% used [0x00000000e8080000,0x00000000e89f9090,0x00000000e8a00000)
  to   space 12288K, 0% used [0x00000000e9000000,0x00000000e9000000,0x00000000e9c00000)
 ParOldGen       total 64512K, used 11116K [0x00000000a0000000, 0x00000000a3f00000, 0x00000000e0000000)
  object space 64512K, 17% used [0x00000000a0000000,0x00000000a0adb2a8,0x00000000a3f00000)
 Metaspace       used 34585K, capacity 35250K, committed 35416K, reserved 1079296K
  class space    used 4804K, capacity 5039K, committed 5120K, reserved 1048576K
Event: 3.793 GC heap after
Heap after GC invocations=9 (full 1):
 PSYoungGen      total 143872K, used 8544K [0x00000000e0000000, 0x00000000e9c00000, 0x0000000100000000)
  eden space 131584K, 0% used [0x00000000e0000000,0x00000000e0000000,0x00000000e8080000)
  from space 12288K, 69% used [0x00000000e9000000,0x00000000e9858218,0x00000000e9c00000)
  to   space 9728K, 0% used [0x00000000e8080000,0x00000000e8080000,0x00000000e8a00000)
 ParOldGen       total 64512K, used 11116K [0x00000000a0000000, 0x00000000a3f00000, 0x00000000e0000000)
  object space 64512K, 17% used [0x00000000a0000000,0x00000000a0adb2a8,0x00000000a3f00000)
 Metaspace       used 34585K, capacity 35250K, committed 35416K, reserved 1079296K
  class space    used 4804K, capacity 5039K, committed 5120K, reserved 1048576K
}
Event: 3.793 GC heap before
{Heap before GC invocations=10 (full 2):
 PSYoungGen      total 143872K, used 8544K [0x00000000e0000000, 0x00000000e9c00000, 0x0000000100000000)
  eden space 131584K, 0% used [0x00000000e0000000,0x00000000e0000000,0x00000000e8080000)
  from space 12288K, 69% used [0x00000000e9000000,0x00000000e9858218,0x00000000e9c00000)
  to   space 9728K, 0% used [0x00000000e8080000,0x00000000e8080000,0x00000000e8a00000)
 ParOldGen       total 64512K, used 11116K [0x00000000a0000000, 0x00000000a3f00000, 0x00000000e0000000)
  object space 64512K, 17% used [0x00000000a0000000,0x00000000a0adb2a8,0x00000000a3f00000)
 Metaspace       used 34585K, capacity 35250K, committed 35416K, reserved 1079296K
  class space    used 4804K, capacity 5039K, committed 5120K, reserved 1048576K
Event: 3.842 GC heap after
Heap after GC invocations=10 (full 2):
 PSYoungGen      total 143872K, used 0K [0x00000000e0000000, 0x00000000e9c00000, 0x0000000100000000)
  eden space 131584K, 0% used [0x00000000e0000000,0x00000000e0000000,0x00000000e8080000)
  from space 12288K, 0% used [0x00000000e9000000,0x00000000e9000000,0x00000000e9c00000)
  to   space 9728K, 0% used [0x00000000e8080000,0x00000000e8080000,0x00000000e8a00000)
 ParOldGen       total 64512K, used 15085K [0x00000000a0000000, 0x00000000a3f00000, 0x00000000e0000000)
  object space 64512K, 23% used [0x00000000a0000000,0x00000000a0ebb5a0,0x00000000a3f00000)
 Metaspace       used 34585K, capacity 35250K, committed 35416K, reserved 1079296K
  class space    used 4804K, capacity 5039K, committed 5120K, reserved 1048576K
}

